# JRE version: Java(TM) SE Runtime Environment (8.0_191-b12) (build 1.8.0_191-b12)
# Java VM: Java HotSpot(TM) Client VM (25.191-b12 mixed mode windows-x86 )
Heap:
 def new generation   total 157248K, used 157248K [0x06000000, 0x10aa0000, 0x10aa0000)
  eden space 139776K, 100% used [0x06000000, 0x0e880000, 0x0e880000)
  from space 17472K, 100% used [0x0e880000, 0x0f990000, 0x0f990000)
  to   space 17472K,   0% used [0x0f990000, 0x0f990000, 0x10aa0000)
 tenured generation   total 349568K, used 349567K [0x10aa0000, 0x26000000, 0x26000000)
   the space 349568K,  99% used [0x10aa0000, 0x25fffff8, 0x26000000, 0x26000000)
 Metaspace       used 23525K, capacity 24143K, committed 24320K, reserved 24960K
GC Heap History (10 events):
Event: 5101.884 GC heap before
{Heap before GC invocations=35032 (full 34945):
 def new generation   total 157248K, used 157248K [0x06000000, 0x10aa0000, 0x10aa0000)
  eden space 139776K, 100% used [0x06000000, 0x0e880000, 0x0e880000)
  from space 17472K, 100% used [0x0e880000, 0x0f990000, 0x0f990000)
  to   space 17472K,   0% used [0x0f990000, 0x0f990000, 0x10aa0000)
 tenured generation   total 349568K, used 349567K [0x10aa0000, 0x26000000, 0x26000000)
   the space 349568K,  99% used [0x10aa0000, 0x25fffff8, 0x26000000, 0x26000000)
 Metaspace       used 23525K, capacity 24143K, committed 24320K, reserved 24960K
Event: 5101.933 GC heap after
Heap after GC invocations=35033 (full 34946):
 def new generation   total 157248K, used 157248K [0x06000000, 0x10aa0000, 0x10aa0000)
  eden space 139776K, 100% used [0x06000000, 0x0e880000, 0x0e880000)
  from space 17472K, 100% used [0x0e880000, 0x0f990000, 0x0f990000)
  to   space 17472K,   0% used [0x0f990000, 0x0f990000, 0x10aa0000)
 tenured generation   total 349568K, used 349567K [0x10aa0000, 0x26000000, 0x26000000)
   the space 349568K,  99% used [0x10aa0000, 0x25fffff8, 0x26000000, 0x26000000)
 Metaspace       used 23525K, capacity 24143K, committed 24320K, reserved 24960K
}
Event: 5101.933 GC heap before
{Heap before GC invocations=35033 (full 34946):
 def new generation   total 157248K, used 157248K [0x06000000, 0x10aa0000, 0x10aa0000)
  eden space 139776K, 100% used [0x06000000, 0x0e880000, 0x0e880000)
  from space 17472K, 100% used [0x0e880000, 0x0f990000, 0x0f990000)
  to   space 17472K,   0% used [0x0f990000, 0x0f990000, 0x10aa0000)
 tenured generation   total 349568K, used 349567K [0x10aa0000, 0x26000000, 0x26000000)
   the space 349568K,  99% used [0x10aa0000, 0x25fffff8, 0x26000000, 0x26000000)
 Metaspace       used 23525K, capacity 24143K, committed 24320K, reserved 24960K
Event: 5101.983 GC heap after
Heap after GC invocations=35034 (full 34947):
 def new generation   total 157248K, used 157247K [0x06000000, 0x10aa0000, 0x10aa0000)
  eden space 139776K, 100% used [0x06000000, 0x0e880000, 0x0e880000)
  from space 17472K,  99% used [0x0e880000, 0x0f98fff0, 0x0f990000)
  to   space 17472K,   0% used [0x0f990000, 0x0f990000, 0x10aa0000)
 tenured generation   total 349568K, used 349567K [0x10aa0000, 0x26000000, 0x26000000)
   the space 349568K,  99% used [0x10aa0000, 0x25fffff8, 0x26000000, 0x26000000)
 Metaspace       used 23525K, capacity 24143K, committed 24320K, reserved 24960K
}
Event: 5101.983 GC heap before
{Heap before GC invocations=35034 (full 34947):
 def new generation   total 157248K, used 157247K [0x06000000, 0x10aa0000, 0x10aa0000)
  eden space 139776K, 100% used [0x06000000, 0x0e880000, 0x0e880000)
  from space 17472K,  99% used [0x0e880000, 0x0f98fff0, 0x0f990000)
  to   space 17472K,   0% used [0x0f990000, 0x0f990000, 0x10aa0000)
 tenured generation   total 349568K, used 349567K [0x10aa0000, 0x26000000, 0x26000000)
   the space 349568K,  99% used [0x10aa0000, 0x25fffff8, 0x26000000, 0x26000000)
 Metaspace       used 23525K, capacity 24143K, committed 24320K, reserved 24960K
Event: 5102.032 GC heap after
Heap after GC invocations=35035 (full 34948):
 def new generation   total 157248K, used 157247K [0x06000000, 0x10aa0000, 0x10aa0000)
  eden space 139776K, 100% used [0x06000000, 0x0e880000, 0x0e880000)
  from space 17472K,  99% used [0x0e880000, 0x0f98fff0, 0x0f990000)
  to   space 17472K,   0% used [0x0f990000, 0x0f990000, 0x10aa0000)
 tenured generation   total 349568K, used 349567K [0x10aa0000, 0x26000000, 0x26000000)
   the space 349568K,  99% used [0x10aa0000, 0x25fffff8, 0x26000000, 0x26000000)
 Metaspace       used 23525K, capacity 24143K, committed 24320K, reserved 24960K
}
Event: 5102.032 GC heap before
{Heap before GC invocations=35035 (full 34948):
 def new generation   total 157248K, used 157248K [0x06000000, 0x10aa0000, 0x10aa0000)
  eden space 139776K, 100% used [0x06000000, 0x0e880000, 0x0e880000)
  from space 17472K, 100% used [0x0e880000, 0x0f990000, 0x0f990000)
  to   space 17472K,   0% used [0x0f990000, 0x0f990000, 0x10aa0000)
 tenured generation   total 349568K, used 349567K [0x10aa0000, 0x26000000, 0x26000000)
   the space 349568K,  99% used [0x10aa0000, 0x25fffff8, 0x26000000, 0x26000000)
 Metaspace       used 23525K, capacity 24143K, committed 24320K, reserved 24960K
Event: 5102.082 GC heap after
Heap after GC invocations=35036 (full 34949):
 def new generation   total 157248K, used 157248K [0x06000000, 0x10aa0000, 0x10aa0000)
  eden space 139776K, 100% used [0x06000000, 0x0e880000, 0x0e880000)
  from space 17472K, 100% used [0x0e880000, 0x0f990000, 0x0f990000)
  to   space 17472K,   0% used [0x0f990000, 0x0f990000, 0x10aa0000)
 tenured generation   total 349568K, used 349567K [0x10aa0000, 0x26000000, 0x26000000)
   the space 349568K,  99% used [0x10aa0000, 0x25fffff8, 0x26000000, 0x26000000)
 Metaspace       used 23525K, capacity 24143K, committed 24320K, reserved 24960K
}
Event: 5102.082 GC heap before
{Heap before GC invocations=35036 (full 34949):
 def new generation   total 157248K, used 157248K [0x06000000, 0x10aa0000, 0x10aa0000)
  eden space 139776K, 100% used [0x06000000, 0x0e880000, 0x0e880000)
  from space 17472K, 100% used [0x0e880000, 0x0f990000, 0x0f990000)
  to   space 17472K,   0% used [0x0f990000, 0x0f990000, 0x10aa0000)
 tenured generation   total 349568K, used 349567K [0x10aa0000, 0x26000000, 0x26000000)
   the space 349568K,  99% used [0x10aa0000, 0x25fffff8, 0x26000000, 0x26000000)
 Metaspace       used 23525K, capacity 24143K, committed 24320K, reserved 24960K
Event: 5102.131 GC heap after
Heap after GC invocations=35037 (full 34950):
 def new generation   total 157248K, used 157248K [0x06000000, 0x10aa0000, 0x10aa0000)
  eden space 139776K, 100% used [0x06000000, 0x0e880000, 0x0e880000)
  from space 17472K, 100% used [0x0e880000, 0x0f990000, 0x0f990000)
  to   space 17472K,   0% used [0x0f990000, 0x0f990000, 0x10aa0000)
 tenured generation   total 349568K, used 349567K [0x10aa0000, 0x26000000, 0x26000000)
   the space 349568K,  99% used [0x10aa0000, 0x25fffff8, 0x26000000, 0x26000000)
 Metaspace       used 23525K, capacity 24143K, committed 24320K, reserved 24960K
}

